<?xml version="1.0" encoding="UTF-8"?>
<!-- Generated by org.testng.reporters.JUnitXMLReporter -->
<testsuite ignored="0" hostname="LAPTOP-NHB9KG97" failures="0" tests="2" name="Linux-Firefox" time="0.143" errors="0" timestamp="2025-12-28T00:35:19 IST">
  <testcase classname="testCases.TC001_AccountRegistrationTest" name="verify_account_regisrtation" time="0.0">
    <skipped/>
  </testcase> <!-- verify_account_regisrtation -->
  <testcase classname="testCases.TC002_LoginTest" name="verify_login" time="0.0">
    <skipped/>
  </testcase> <!-- verify_login -->
</testsuite> <!-- Linux-Firefox -->
