<?xml version="1.0" encoding="UTF-8"?>
<testng-results ignored="0" total="2" passed="2" failed="0" skipped="0">
  <reporter-output>
  </reporter-output>
  <suite started-at="2025-12-28T13:24:03 IST" name="Suite" finished-at="2025-12-28T13:24:17 IST" duration-ms="13784">
    <groups>
      <group name="regression">
        <method signature="TC001_AccountRegistrationTest.verify_account_regisrtation()[pri:0, instance:testCases.TC001_AccountRegistrationTest@3b96c42e]" name="verify_account_regisrtation" class="testCases.TC001_AccountRegistrationTest"/>
      </group> <!-- regression -->
      <group name="sanity">
        <method signature="TC002_LoginTest.verify_login()[pri:0, instance:testCases.TC002_LoginTest@1603cd68]" name="verify_login" class="testCases.TC002_LoginTest"/>
      </group> <!-- sanity -->
      <group name="master">
        <method signature="TC001_AccountRegistrationTest.verify_account_regisrtation()[pri:0, instance:testCases.TC001_AccountRegistrationTest@3b96c42e]" name="verify_account_regisrtation" class="testCases.TC001_AccountRegistrationTest"/>
        <method signature="TC002_LoginTest.verify_login()[pri:0, instance:testCases.TC002_LoginTest@1603cd68]" name="verify_login" class="testCases.TC002_LoginTest"/>
      </group> <!-- master -->
    </groups>
    <test started-at="2025-12-28T13:24:03 IST" name="chromeTest" finished-at="2025-12-28T13:24:17 IST" duration-ms="13784">
      <class name="testCases.TC002_LoginTest">
        <test-method is-config="true" signature="Setup(java.lang.String,java.lang.String)[pri:0, instance:testCases.TC002_LoginTest@1603cd68]" started-at="2025-12-28T13:24:11 IST" name="Setup" finished-at="2025-12-28T13:24:15 IST" duration-ms="3207" status="PASS">
          <params>
            <param index="0">
              <value>
                <![CDATA[windows]]>
              </value>
            </param>
            <param index="1">
              <value>
                <![CDATA[chrome]]>
              </value>
            </param>
          </params>
          <reporter-output>
          </reporter-output>
        </test-method> <!-- Setup -->
        <test-method signature="verify_login()[pri:0, instance:testCases.TC002_LoginTest@1603cd68]" started-at="2025-12-28T13:24:15 IST" name="verify_login" finished-at="2025-12-28T13:24:17 IST" duration-ms="2045" status="PASS">
          <reporter-output>
          </reporter-output>
        </test-method> <!-- verify_login -->
        <test-method is-config="true" signature="Teardown()[pri:0, instance:testCases.TC002_LoginTest@1603cd68]" started-at="2025-12-28T13:24:17 IST" name="Teardown" finished-at="2025-12-28T13:24:17 IST" duration-ms="213" status="PASS">
          <reporter-output>
          </reporter-output>
        </test-method> <!-- Teardown -->
      </class> <!-- testCases.TC002_LoginTest -->
      <class name="testCases.TC001_AccountRegistrationTest">
        <test-method is-config="true" signature="Setup(java.lang.String,java.lang.String)[pri:0, instance:testCases.TC001_AccountRegistrationTest@3b96c42e]" started-at="2025-12-28T13:24:03 IST" name="Setup" finished-at="2025-12-28T13:24:08 IST" duration-ms="4370" status="PASS">
          <params>
            <param index="0">
              <value>
                <![CDATA[windows]]>
              </value>
            </param>
            <param index="1">
              <value>
                <![CDATA[chrome]]>
              </value>
            </param>
          </params>
          <reporter-output>
          </reporter-output>
        </test-method> <!-- Setup -->
        <test-method signature="verify_account_regisrtation()[pri:0, instance:testCases.TC001_AccountRegistrationTest@3b96c42e]" started-at="2025-12-28T13:24:08 IST" name="verify_account_regisrtation" finished-at="2025-12-28T13:24:11 IST" duration-ms="3545" status="PASS">
          <reporter-output>
          </reporter-output>
        </test-method> <!-- verify_account_regisrtation -->
        <test-method is-config="true" signature="Teardown()[pri:0, instance:testCases.TC001_AccountRegistrationTest@3b96c42e]" started-at="2025-12-28T13:24:11 IST" name="Teardown" finished-at="2025-12-28T13:24:11 IST" duration-ms="158" status="PASS">
          <reporter-output>
          </reporter-output>
        </test-method> <!-- Teardown -->
      </class> <!-- testCases.TC001_AccountRegistrationTest -->
    </test> <!-- chromeTest -->
  </suite> <!-- Suite -->
</testng-results>
