<?xml version="1.0" encoding="UTF-8"?>
<!-- Generated by org.testng.reporters.JUnitReportReporter -->
<testsuite hostname="LAPTOP-NHB9KG97" failures="0" tests="5" name="testCases.TC003_LoginDDT" time="42.027" errors="0" timestamp="2025-12-27T03:33:52 IST" skipped="0">
  <testcase classname="testCases.TC003_LoginDDT" name="verify_loginDDT" time="2.840"/>
  <testcase classname="testCases.TC003_LoginDDT" name="verify_loginDDT" time="12.081"/>
  <testcase classname="testCases.TC003_LoginDDT" name="verify_loginDDT" time="3.039"/>
  <testcase classname="testCases.TC003_LoginDDT" name="verify_loginDDT" time="12.091"/>
  <testcase classname="testCases.TC003_LoginDDT" name="verify_loginDDT" time="11.976"/>
</testsuite> <!-- testCases.TC003_LoginDDT -->
